<?xml version="1.0" encoding="UTF-8"?>
<testng-results ignored="0" total="7" passed="7" failed="0" skipped="0">
  <reporter-output>
  </reporter-output>
  <suite started-at="2026-05-09T14:32:21 IST" name="Surefire suite" finished-at="2026-05-09T14:32:48 IST" duration-ms="27701">
    <groups>
      <group name="cucumber">
        <method signature="AbstractTestNGCucumberTests.runScenario(io.cucumber.testng.PickleWrapper,io.cucumber.testng.FeatureWrapper)[pri:0, instance:runner.TestRunner@2fb3536e]" name="runScenario" class="io.cucumber.testng.AbstractTestNGCucumberTests"/>
      </group> <!-- cucumber -->
    </groups>
    <test started-at="2026-05-09T14:32:21 IST" name="Surefire test" finished-at="2026-05-09T14:32:48 IST" duration-ms="27701">
      <class name="runner.TestRunner">
        <test-method is-config="true" signature="setUpClass(org.testng.ITestContext)[pri:0, instance:runner.TestRunner@2fb3536e]" started-at="2026-05-09T14:32:21 IST" name="setUpClass" finished-at="2026-05-09T14:32:21 IST" duration-ms="296" status="PASS">
          <params>
            <param index="0">
              <value>
                <![CDATA[org.testng.TestRunner@1ad9b8d3]]>
              </value>
            </param>
          </params>
          <reporter-output>
          </reporter-output>
        </test-method> <!-- setUpClass -->
        <test-method signature="runScenario(io.cucumber.testng.PickleWrapper,io.cucumber.testng.FeatureWrapper)[pri:0, instance:runner.TestRunner@2fb3536e]" started-at="2026-05-09T14:32:21 IST" name="runScenario" description="Runs Cucumber Scenarios" data-provider="scenarios" finished-at="2026-05-09T14:32:26 IST" duration-ms="4735" status="PASS">
          <params>
            <param index="0">
              <value>
                <![CDATA["Verify user can search for product"]]>
              </value>
            </param>
            <param index="1">
              <value>
                <![CDATA["GreenKart e-commerce functionality"]]>
              </value>
            </param>
          </params>
          <reporter-output>
          </reporter-output>
        </test-method> <!-- runScenario -->
        <test-method signature="runScenario(io.cucumber.testng.PickleWrapper,io.cucumber.testng.FeatureWrapper)[pri:0, instance:runner.TestRunner@2fb3536e]" started-at="2026-05-09T14:32:26 IST" name="runScenario" description="Runs Cucumber Scenarios" data-provider="scenarios" finished-at="2026-05-09T14:32:29 IST" duration-ms="3575" status="PASS">
          <params>
            <param index="0">
              <value>
                <![CDATA["Verify user can search for product"]]>
              </value>
            </param>
            <param index="1">
              <value>
                <![CDATA["GreenKart e-commerce functionality"]]>
              </value>
            </param>
          </params>
          <reporter-output>
          </reporter-output>
        </test-method> <!-- runScenario -->
        <test-method signature="runScenario(io.cucumber.testng.PickleWrapper,io.cucumber.testng.FeatureWrapper)[pri:0, instance:runner.TestRunner@2fb3536e]" started-at="2026-05-09T14:32:29 IST" name="runScenario" description="Runs Cucumber Scenarios" data-provider="scenarios" finished-at="2026-05-09T14:32:33 IST" duration-ms="3528" status="PASS">
          <params>
            <param index="0">
              <value>
                <![CDATA["Verify user can add product to cart"]]>
              </value>
            </param>
            <param index="1">
              <value>
                <![CDATA["GreenKart e-commerce functionality"]]>
              </value>
            </param>
          </params>
          <reporter-output>
          </reporter-output>
        </test-method> <!-- runScenario -->
        <test-method signature="runScenario(io.cucumber.testng.PickleWrapper,io.cucumber.testng.FeatureWrapper)[pri:0, instance:runner.TestRunner@2fb3536e]" started-at="2026-05-09T14:32:33 IST" name="runScenario" description="Runs Cucumber Scenarios" data-provider="scenarios" finished-at="2026-05-09T14:32:37 IST" duration-ms="4010" status="PASS">
          <params>
            <param index="0">
              <value>
                <![CDATA["Verify user can add product to cart"]]>
              </value>
            </param>
            <param index="1">
              <value>
                <![CDATA["GreenKart e-commerce functionality"]]>
              </value>
            </param>
          </params>
          <reporter-output>
          </reporter-output>
        </test-method> <!-- runScenario -->
        <test-method signature="runScenario(io.cucumber.testng.PickleWrapper,io.cucumber.testng.FeatureWrapper)[pri:0, instance:runner.TestRunner@2fb3536e]" started-at="2026-05-09T14:32:37 IST" name="runScenario" description="Runs Cucumber Scenarios" data-provider="scenarios" finished-at="2026-05-09T14:32:40 IST" duration-ms="3575" status="PASS">
          <params>
            <param index="0">
              <value>
                <![CDATA["Verify selected product is visible in cart"]]>
              </value>
            </param>
            <param index="1">
              <value>
                <![CDATA["GreenKart e-commerce functionality"]]>
              </value>
            </param>
          </params>
          <reporter-output>
          </reporter-output>
        </test-method> <!-- runScenario -->
        <test-method signature="runScenario(io.cucumber.testng.PickleWrapper,io.cucumber.testng.FeatureWrapper)[pri:0, instance:runner.TestRunner@2fb3536e]" started-at="2026-05-09T14:32:40 IST" name="runScenario" description="Runs Cucumber Scenarios" data-provider="scenarios" finished-at="2026-05-09T14:32:44 IST" duration-ms="3837" status="PASS">
          <params>
            <param index="0">
              <value>
                <![CDATA["Verify user can proceed to checkout"]]>
              </value>
            </param>
            <param index="1">
              <value>
                <![CDATA["GreenKart e-commerce functionality"]]>
              </value>
            </param>
          </params>
          <reporter-output>
          </reporter-output>
        </test-method> <!-- runScenario -->
        <test-method signature="runScenario(io.cucumber.testng.PickleWrapper,io.cucumber.testng.FeatureWrapper)[pri:0, instance:runner.TestRunner@2fb3536e]" started-at="2026-05-09T14:32:44 IST" name="runScenario" description="Runs Cucumber Scenarios" data-provider="scenarios" finished-at="2026-05-09T14:32:48 IST" duration-ms="4114" status="PASS">
          <params>
            <param index="0">
              <value>
                <![CDATA["Verify user can add multiple products"]]>
              </value>
            </param>
            <param index="1">
              <value>
                <![CDATA["GreenKart e-commerce functionality"]]>
              </value>
            </param>
          </params>
          <reporter-output>
          </reporter-output>
        </test-method> <!-- runScenario -->
        <test-method is-config="true" signature="tearDownClass()[pri:0, instance:runner.TestRunner@2fb3536e]" started-at="2026-05-09T14:32:48 IST" name="tearDownClass" finished-at="2026-05-09T14:32:48 IST" duration-ms="11" status="PASS">
          <reporter-output>
          </reporter-output>
        </test-method> <!-- tearDownClass -->
      </class> <!-- runner.TestRunner -->
    </test> <!-- Surefire test -->
  </suite> <!-- Surefire suite -->
</testng-results>
