<?xml version="1.0" encoding="UTF-8"?>
<testsuite xmlns:xsi="http://www.w3.org/2001/XMLSchema-instance" xsi:noNamespaceSchemaLocation="https://maven.apache.org/surefire/maven-surefire-plugin/xsd/surefire-test-report-3.0.xsd" version="3.0" name="runner.TestRunner" time="27.927" tests="7" errors="0" skipped="0" failures="0">
  <properties>
[...]
</properties>
  <testcase name="runScenario[&quot;Verify user can search for product&quot;, &quot;GreenKart e-commerce functionality&quot;](1)" classname="runner.TestRunner" time="4.734">
    <system-out><![CDATA[
Scenario Outline: Verify user can search for product          &amp#27;[90m# src/test/resources/feature/ecom.feature:12&amp#27;[0m
url = https://rahulshettyacademy.com/seleniumPractise/#/
  &amp#27;[32mGiven &amp#27;[0m&amp#27;[32mI am on the &amp#27;[0m&amp#27;[32m&amp#27;[1m"ecom-page"&amp#27;[0m                               &amp#27;[90m# stepDefinition.CommonStefDef.i_am_on_the(java.lang.String)&amp#27;[0m
  &amp#27;[32mWhen &amp#27;[0m&amp#27;[32mI search for &amp#27;[0m&amp#27;[32m&amp#27;[1m"Cucumber"&amp#27;[0m                                &amp#27;[90m# stepDefinition.EcomStepDef.i_search_for(java.lang.String)&amp#27;[0m
  &amp#27;[32mThen &amp#27;[0m&amp#27;[32mproduct &amp#27;[0m&amp#27;[32m&amp#27;[1m"Cucumber"&amp#27;[0m&amp#27;[32m should be visible in search results&amp#27;[0m &amp#27;[90m# stepDefinition.EcomStepDef.product_should_be_visible(java.lang.String)&amp#27;[0m
]]></system-out>
    <system-err><![CDATA[SLF4J: Failed to load class "org.slf4j.impl.StaticLoggerBinder".
SLF4J: Defaulting to no-operation (NOP) logger implementation
SLF4J: See http://www.slf4j.org/codes.html#StaticLoggerBinder for further details.
May 09, 2026 2:32:22 PM org.openqa.selenium.devtools.CdpVersionFinder findNearestMatch
WARNING: Unable to find CDP implementation matching 146
May 09, 2026 2:32:22 PM org.openqa.selenium.chromium.ChromiumDriver lambda$new$5
WARNING: Unable to find version of CDP to use for 146.0.7680.178. You may need to include a dependency on a specific version of the CDP using something similar to `org.seleniumhq.selenium:selenium-devtools-v86:4.22.0` where the version ("v86") matches the version of the chromium-based browser you're using and the version number of the artifact is the same as Selenium's.
]]></system-err>
  </testcase>
  <testcase name="runScenario[&quot;Verify user can search for product&quot;, &quot;GreenKart e-commerce functionality&quot;](2)" classname="runner.TestRunner" time="3.574">
    <system-out><![CDATA[
Scenario Outline: Verify user can search for product        &amp#27;[90m# src/test/resources/feature/ecom.feature:13&amp#27;[0m
url = https://rahulshettyacademy.com/seleniumPractise/#/
  &amp#27;[32mGiven &amp#27;[0m&amp#27;[32mI am on the &amp#27;[0m&amp#27;[32m&amp#27;[1m"ecom-page"&amp#27;[0m                             &amp#27;[90m# stepDefinition.CommonStefDef.i_am_on_the(java.lang.String)&amp#27;[0m
  &amp#27;[32mWhen &amp#27;[0m&amp#27;[32mI search for &amp#27;[0m&amp#27;[32m&amp#27;[1m"Tomato"&amp#27;[0m                                &amp#27;[90m# stepDefinition.EcomStepDef.i_search_for(java.lang.String)&amp#27;[0m
  &amp#27;[32mThen &amp#27;[0m&amp#27;[32mproduct &amp#27;[0m&amp#27;[32m&amp#27;[1m"Tomato"&amp#27;[0m&amp#27;[32m should be visible in search results&amp#27;[0m &amp#27;[90m# stepDefinition.EcomStepDef.product_should_be_visible(java.lang.String)&amp#27;[0m
]]></system-out>
    <system-err><![CDATA[May 09, 2026 2:32:26 PM org.openqa.selenium.devtools.CdpVersionFinder findNearestMatch
WARNING: Unable to find CDP implementation matching 146
May 09, 2026 2:32:26 PM org.openqa.selenium.chromium.ChromiumDriver lambda$new$5
WARNING: Unable to find version of CDP to use for 146.0.7680.178. You may need to include a dependency on a specific version of the CDP using something similar to `org.seleniumhq.selenium:selenium-devtools-v86:4.22.0` where the version ("v86") matches the version of the chromium-based browser you're using and the version number of the artifact is the same as Selenium's.
]]></system-err>
  </testcase>
  <testcase name="runScenario[&quot;Verify user can add product to cart&quot;, &quot;GreenKart e-commerce functionality&quot;](3)" classname="runner.TestRunner" time="3.528">
    <system-out><![CDATA[
Scenario Outline: Verify user can add product to cart &amp#27;[90m# src/test/resources/feature/ecom.feature:23&amp#27;[0m
url = https://rahulshettyacademy.com/seleniumPractise/#/
  &amp#27;[32mGiven &amp#27;[0m&amp#27;[32mI am on the &amp#27;[0m&amp#27;[32m&amp#27;[1m"ecom-page"&amp#27;[0m                       &amp#27;[90m# stepDefinition.CommonStefDef.i_am_on_the(java.lang.String)&amp#27;[0m
  &amp#27;[32mWhen &amp#27;[0m&amp#27;[32mI search for &amp#27;[0m&amp#27;[32m&amp#27;[1m"Cucumber"&amp#27;[0m                        &amp#27;[90m# stepDefinition.EcomStepDef.i_search_for(java.lang.String)&amp#27;[0m
  &amp#27;[32mAnd &amp#27;[0m&amp#27;[32mI add &amp#27;[0m&amp#27;[32m&amp#27;[1m"1"&amp#27;[0m&amp#27;[32m quantity of &amp#27;[0m&amp#27;[32m&amp#27;[1m"Cucumber"&amp#27;[0m&amp#27;[32m to cart&amp#27;[0m        &amp#27;[90m# stepDefinition.EcomStepDef.i_add_quantity_of_item_to_cart(java.lang.String,java.lang.String)&amp#27;[0m
  &amp#27;[32mAnd &amp#27;[0m&amp#27;[32mI open the cart&amp#27;[0m                                 &amp#27;[90m# stepDefinition.EcomStepDef.i_open_the_cart()&amp#27;[0m
  &amp#27;[32mThen &amp#27;[0m&amp#27;[32mproduct &amp#27;[0m&amp#27;[32m&amp#27;[1m"Cucumber"&amp#27;[0m&amp#27;[32m should be visible in cart&amp#27;[0m   &amp#27;[90m# stepDefinition.EcomStepDef.product_should_be_visible_in_cart(java.lang.String)&amp#27;[0m
]]></system-out>
    <system-err><![CDATA[May 09, 2026 2:32:30 PM org.openqa.selenium.devtools.CdpVersionFinder findNearestMatch
WARNING: Unable to find CDP implementation matching 146
May 09, 2026 2:32:30 PM org.openqa.selenium.chromium.ChromiumDriver lambda$new$5
WARNING: Unable to find version of CDP to use for 146.0.7680.178. You may need to include a dependency on a specific version of the CDP using something similar to `org.seleniumhq.selenium:selenium-devtools-v86:4.22.0` where the version ("v86") matches the version of the chromium-based browser you're using and the version number of the artifact is the same as Selenium's.
]]></system-err>
  </testcase>
  <testcase name="runScenario[&quot;Verify user can add product to cart&quot;, &quot;GreenKart e-commerce functionality&quot;](4)" classname="runner.TestRunner" time="4.01">
    <system-out><![CDATA[
Scenario Outline: Verify user can add product to cart &amp#27;[90m# src/test/resources/feature/ecom.feature:24&amp#27;[0m
url = https://rahulshettyacademy.com/seleniumPractise/#/
  &amp#27;[32mGiven &amp#27;[0m&amp#27;[32mI am on the &amp#27;[0m&amp#27;[32m&amp#27;[1m"ecom-page"&amp#27;[0m                       &amp#27;[90m# stepDefinition.CommonStefDef.i_am_on_the(java.lang.String)&amp#27;[0m
  &amp#27;[32mWhen &amp#27;[0m&amp#27;[32mI search for &amp#27;[0m&amp#27;[32m&amp#27;[1m"Carrot"&amp#27;[0m                          &amp#27;[90m# stepDefinition.EcomStepDef.i_search_for(java.lang.String)&amp#27;[0m
  &amp#27;[32mAnd &amp#27;[0m&amp#27;[32mI add &amp#27;[0m&amp#27;[32m&amp#27;[1m"1"&amp#27;[0m&amp#27;[32m quantity of &amp#27;[0m&amp#27;[32m&amp#27;[1m"Carrot"&amp#27;[0m&amp#27;[32m to cart&amp#27;[0m          &amp#27;[90m# stepDefinition.EcomStepDef.i_add_quantity_of_item_to_cart(java.lang.String,java.lang.String)&amp#27;[0m
  &amp#27;[32mAnd &amp#27;[0m&amp#27;[32mI open the cart&amp#27;[0m                                 &amp#27;[90m# stepDefinition.EcomStepDef.i_open_the_cart()&amp#27;[0m
  &amp#27;[32mThen &amp#27;[0m&amp#27;[32mproduct &amp#27;[0m&amp#27;[32m&amp#27;[1m"Carrot"&amp#27;[0m&amp#27;[32m should be visible in cart&amp#27;[0m     &amp#27;[90m# stepDefinition.EcomStepDef.product_should_be_visible_in_cart(java.lang.String)&amp#27;[0m
]]></system-out>
    <system-err><![CDATA[May 09, 2026 2:32:34 PM org.openqa.selenium.devtools.CdpVersionFinder findNearestMatch
WARNING: Unable to find CDP implementation matching 146
May 09, 2026 2:32:34 PM org.openqa.selenium.chromium.ChromiumDriver lambda$new$5
WARNING: Unable to find version of CDP to use for 146.0.7680.178. You may need to include a dependency on a specific version of the CDP using something similar to `org.seleniumhq.selenium:selenium-devtools-v86:4.22.0` where the version ("v86") matches the version of the chromium-based browser you're using and the version number of the artifact is the same as Selenium's.
]]></system-err>
  </testcase>
  <testcase name="runScenario[&quot;Verify selected product is visible in cart&quot;, &quot;GreenKart e-commerce functionality&quot;](5)" classname="runner.TestRunner" time="3.575">
    <system-out><![CDATA[
Scenario: Verify selected product is visible in cart &amp#27;[90m# src/test/resources/feature/ecom.feature:26&amp#27;[0m
url = https://rahulshettyacademy.com/seleniumPractise/#/
  &amp#27;[32mGiven &amp#27;[0m&amp#27;[32mI am on the &amp#27;[0m&amp#27;[32m&amp#27;[1m"ecom-page"&amp#27;[0m                      &amp#27;[90m# stepDefinition.CommonStefDef.i_am_on_the(java.lang.String)&amp#27;[0m
  &amp#27;[32mWhen &amp#27;[0m&amp#27;[32mI search for &amp#27;[0m&amp#27;[32m&amp#27;[1m"Cucumber"&amp#27;[0m                       &amp#27;[90m# stepDefinition.EcomStepDef.i_search_for(java.lang.String)&amp#27;[0m
  &amp#27;[32mAnd &amp#27;[0m&amp#27;[32mI add &amp#27;[0m&amp#27;[32m&amp#27;[1m"1"&amp#27;[0m&amp#27;[32m quantity of &amp#27;[0m&amp#27;[32m&amp#27;[1m"Cucumber"&amp#27;[0m&amp#27;[32m to cart&amp#27;[0m       &amp#27;[90m# stepDefinition.EcomStepDef.i_add_quantity_of_item_to_cart(java.lang.String,java.lang.String)&amp#27;[0m
  &amp#27;[32mAnd &amp#27;[0m&amp#27;[32mI open the cart&amp#27;[0m                                &amp#27;[90m# stepDefinition.EcomStepDef.i_open_the_cart()&amp#27;[0m
  &amp#27;[32mThen &amp#27;[0m&amp#27;[32mproduct &amp#27;[0m&amp#27;[32m&amp#27;[1m"Cucumber"&amp#27;[0m&amp#27;[32m should be visible in cart&amp#27;[0m  &amp#27;[90m# stepDefinition.EcomStepDef.product_should_be_visible_in_cart(java.lang.String)&amp#27;[0m
]]></system-out>
    <system-err><![CDATA[May 09, 2026 2:32:38 PM org.openqa.selenium.devtools.CdpVersionFinder findNearestMatch
WARNING: Unable to find CDP implementation matching 146
May 09, 2026 2:32:38 PM org.openqa.selenium.chromium.ChromiumDriver lambda$new$5
WARNING: Unable to find version of CDP to use for 146.0.7680.178. You may need to include a dependency on a specific version of the CDP using something similar to `org.seleniumhq.selenium:selenium-devtools-v86:4.22.0` where the version ("v86") matches the version of the chromium-based browser you're using and the version number of the artifact is the same as Selenium's.
]]></system-err>
  </testcase>
  <testcase name="runScenario[&quot;Verify user can proceed to checkout&quot;, &quot;GreenKart e-commerce functionality&quot;](6)" classname="runner.TestRunner" time="3.836">
    <system-out><![CDATA[
Scenario: Verify user can proceed to checkout       &amp#27;[90m# src/test/resources/feature/ecom.feature:32&amp#27;[0m
url = https://rahulshettyacademy.com/seleniumPractise/#/
  &amp#27;[32mGiven &amp#27;[0m&amp#27;[32mI am on the &amp#27;[0m&amp#27;[32m&amp#27;[1m"ecom-page"&amp#27;[0m                     &amp#27;[90m# stepDefinition.CommonStefDef.i_am_on_the(java.lang.String)&amp#27;[0m
  &amp#27;[32mWhen &amp#27;[0m&amp#27;[32mI search for &amp#27;[0m&amp#27;[32m&amp#27;[1m"Cucumber"&amp#27;[0m                      &amp#27;[90m# stepDefinition.EcomStepDef.i_search_for(java.lang.String)&amp#27;[0m
  &amp#27;[32mAnd &amp#27;[0m&amp#27;[32mI add &amp#27;[0m&amp#27;[32m&amp#27;[1m"1"&amp#27;[0m&amp#27;[32m quantity of &amp#27;[0m&amp#27;[32m&amp#27;[1m"Cucumber"&amp#27;[0m&amp#27;[32m to cart&amp#27;[0m      &amp#27;[90m# stepDefinition.EcomStepDef.i_add_quantity_of_item_to_cart(java.lang.String,java.lang.String)&amp#27;[0m
  &amp#27;[32mAnd &amp#27;[0m&amp#27;[32mI open the cart&amp#27;[0m                               &amp#27;[90m# stepDefinition.EcomStepDef.i_open_the_cart()&amp#27;[0m
  &amp#27;[32mAnd &amp#27;[0m&amp#27;[32mI proceed to checkout&amp#27;[0m                         &amp#27;[90m# stepDefinition.EcomStepDef.i_proceed_to_checkout()&amp#27;[0m
  &amp#27;[32mThen &amp#27;[0m&amp#27;[32mproduct &amp#27;[0m&amp#27;[32m&amp#27;[1m"Cucumber"&amp#27;[0m&amp#27;[32m should be visible in cart&amp#27;[0m &amp#27;[90m# stepDefinition.EcomStepDef.product_should_be_visible_in_cart(java.lang.String)&amp#27;[0m
]]></system-out>
    <system-err><![CDATA[May 09, 2026 2:32:41 PM org.openqa.selenium.devtools.CdpVersionFinder findNearestMatch
WARNING: Unable to find CDP implementation matching 146
May 09, 2026 2:32:41 PM org.openqa.selenium.chromium.ChromiumDriver lambda$new$5
WARNING: Unable to find version of CDP to use for 146.0.7680.178. You may need to include a dependency on a specific version of the CDP using something similar to `org.seleniumhq.selenium:selenium-devtools-v86:4.22.0` where the version ("v86") matches the version of the chromium-based browser you're using and the version number of the artifact is the same as Selenium's.
]]></system-err>
  </testcase>
  <testcase name="runScenario[&quot;Verify user can add multiple products&quot;, &quot;GreenKart e-commerce functionality&quot;](7)" classname="runner.TestRunner" time="4.114">
    <system-out><![CDATA[
Scenario: Verify user can add multiple products     &amp#27;[90m# src/test/resources/feature/ecom.feature:39&amp#27;[0m
url = https://rahulshettyacademy.com/seleniumPractise/#/
  &amp#27;[32mGiven &amp#27;[0m&amp#27;[32mI am on the &amp#27;[0m&amp#27;[32m&amp#27;[1m"ecom-page"&amp#27;[0m                     &amp#27;[90m# stepDefinition.CommonStefDef.i_am_on_the(java.lang.String)&amp#27;[0m
  &amp#27;[32mWhen &amp#27;[0m&amp#27;[32mI add below products to cart&amp#27;[0m                 &amp#27;[90m# stepDefinition.EcomStepDef.i_add_below_products_to_cart(io.cucumber.datatable.DataTable)&amp#27;[0m
    | Cucumber |
    | Tomato   |
    | Carrot   |
  &amp#27;[32mAnd &amp#27;[0m&amp#27;[32mI open the cart&amp#27;[0m                               &amp#27;[90m# stepDefinition.EcomStepDef.i_open_the_cart()&amp#27;[0m
  &amp#27;[32mAnd &amp#27;[0m&amp#27;[32mI proceed to checkout&amp#27;[0m                         &amp#27;[90m# stepDefinition.EcomStepDef.i_proceed_to_checkout()&amp#27;[0m
  &amp#27;[32mThen &amp#27;[0m&amp#27;[32mproduct &amp#27;[0m&amp#27;[32m&amp#27;[1m"Cucumber"&amp#27;[0m&amp#27;[32m should be visible in cart&amp#27;[0m &amp#27;[90m# stepDefinition.EcomStepDef.product_should_be_visible_in_cart(java.lang.String)&amp#27;[0m
]]></system-out>
    <system-err><![CDATA[May 09, 2026 2:32:45 PM org.openqa.selenium.devtools.CdpVersionFinder findNearestMatch
WARNING: Unable to find CDP implementation matching 146
May 09, 2026 2:32:45 PM org.openqa.selenium.chromium.ChromiumDriver lambda$new$5
WARNING: Unable to find version of CDP to use for 146.0.7680.178. You may need to include a dependency on a specific version of the CDP using something similar to `org.seleniumhq.selenium:selenium-devtools-v86:4.22.0` where the version ("v86") matches the version of the chromium-based browser you're using and the version number of the artifact is the same as Selenium's.
]]></system-err>
  </testcase>
</testsuite>