<?xml version="1.0" encoding="UTF-8"?>
<!-- Generated by org.testng.reporters.JUnitReportReporter -->
<testsuite hostname="Naushads-MacBook-Air.local" failures="0" tests="7" name="runner.TestRunner" time="27.374" errors="0" timestamp="2026-05-09T14:32:48 IST" skipped="0">
  <testcase classname="runner.TestRunner" name="runScenario" time="3.575"/>
  <testcase classname="runner.TestRunner" name="runScenario" time="4.010"/>
  <testcase classname="runner.TestRunner" name="runScenario" time="4.735"/>
  <testcase classname="runner.TestRunner" name="runScenario" time="3.575"/>
  <testcase classname="runner.TestRunner" name="runScenario" time="3.528"/>
  <testcase classname="runner.TestRunner" name="runScenario" time="3.837"/>
  <testcase classname="runner.TestRunner" name="runScenario" time="4.114"/>
</testsuite> <!-- runner.TestRunner -->
